<?xml version="1.0" encoding="UTF-8"?>
<coverage generated="1667650226230" clover="3.2.0">
  <project timestamp="1667650226230" name="All files">
    <metrics statements="92" coveredstatements="4" conditionals="4" coveredconditionals="0" methods="46" coveredmethods="3" elements="142" coveredelements="7" complexity="0" loc="92" ncloc="92" packages="5" files="10" classes="10"/>
    <package name="src">
      <metrics statements="34" coveredstatements="0" conditionals="0" coveredconditionals="0" methods="16" coveredmethods="0"/>
      <file name="main.js" path="C:\Anil\Vue\poc\src\main.js">
        <metrics statements="33" coveredstatements="0" conditionals="0" coveredconditionals="0" methods="16" coveredmethods="0"/>
        <line num="8" count="0" type="stmt"/>
        <line num="10" count="0" type="stmt"/>
        <line num="23" count="0" type="stmt"/>
        <line num="26" count="0" type="stmt"/>
        <line num="29" count="0" type="stmt"/>
        <line num="32" count="0" type="stmt"/>
        <line num="35" count="0" type="stmt"/>
        <line num="38" count="0" type="stmt"/>
        <line num="43" count="0" type="stmt"/>
        <line num="46" count="0" type="stmt"/>
        <line num="48" count="0" type="stmt"/>
        <line num="49" count="0" type="stmt"/>
        <line num="54" count="0" type="stmt"/>
        <line num="55" count="0" type="stmt"/>
        <line num="61" count="0" type="stmt"/>
        <line num="62" count="0" type="stmt"/>
        <line num="64" count="0" type="stmt"/>
        <line num="67" count="0" type="stmt"/>
        <line num="68" count="0" type="stmt"/>
        <line num="69" count="0" type="stmt"/>
        <line num="72" count="0" type="stmt"/>
        <line num="79" count="0" type="stmt"/>
        <line num="80" count="0" type="stmt"/>
        <line num="81" count="0" type="stmt"/>
        <line num="82" count="0" type="stmt"/>
        <line num="83" count="0" type="stmt"/>
        <line num="84" count="0" type="stmt"/>
        <line num="85" count="0" type="stmt"/>
        <line num="86" count="0" type="stmt"/>
        <line num="87" count="0" type="stmt"/>
        <line num="88" count="0" type="stmt"/>
        <line num="89" count="0" type="stmt"/>
        <line num="90" count="0" type="stmt"/>
      </file>
      <file name="mutation-types.js" path="C:\Anil\Vue\poc\src\mutation-types.js">
        <metrics statements="1" coveredstatements="0" conditionals="0" coveredconditionals="0" methods="0" coveredmethods="0"/>
        <line num="1" count="0" type="stmt"/>
      </file>
    </package>
    <package name="src.components">
      <metrics statements="45" coveredstatements="4" conditionals="4" coveredconditionals="0" methods="23" coveredmethods="3"/>
      <file name="BlogPost.vue" path="C:\Anil\Vue\poc\src\components\BlogPost.vue">
        <metrics statements="1" coveredstatements="0" conditionals="0" coveredconditionals="0" methods="0" coveredmethods="0"/>
        <line num="2" count="0" type="stmt"/>
      </file>
      <file name="HelloWorld.vue" path="C:\Anil\Vue\poc\src\components\HelloWorld.vue">
        <metrics statements="4" coveredstatements="4" conditionals="0" coveredconditionals="0" methods="3" coveredmethods="3"/>
        <line num="38" count="1" type="stmt"/>
        <line num="41" count="2" type="stmt"/>
        <line num="60" count="2" type="stmt"/>
        <line num="64" count="2" type="stmt"/>
      </file>
      <file name="LifeCycleHooks.vue" path="C:\Anil\Vue\poc\src\components\LifeCycleHooks.vue">
        <metrics statements="22" coveredstatements="0" conditionals="0" coveredconditionals="0" methods="8" coveredmethods="0"/>
        <line num="12" count="0" type="stmt"/>
        <line num="15" count="0" type="stmt"/>
        <line num="29" count="0" type="stmt"/>
        <line num="34" count="0" type="stmt"/>
        <line num="37" count="0" type="stmt"/>
        <line num="41" count="0" type="stmt"/>
        <line num="42" count="0" type="stmt"/>
        <line num="43" count="0" type="stmt"/>
        <line num="44" count="0" type="stmt"/>
        <line num="48" count="0" type="stmt"/>
        <line num="49" count="0" type="stmt"/>
        <line num="50" count="0" type="stmt"/>
        <line num="54" count="0" type="stmt"/>
        <line num="55" count="0" type="stmt"/>
        <line num="56" count="0" type="stmt"/>
        <line num="57" count="0" type="stmt"/>
        <line num="68" count="0" type="stmt"/>
        <line num="69" count="0" type="stmt"/>
        <line num="70" count="0" type="stmt"/>
        <line num="74" count="0" type="stmt"/>
        <line num="75" count="0" type="stmt"/>
        <line num="76" count="0" type="stmt"/>
      </file>
      <file name="PostsComponent.vue" path="C:\Anil\Vue\poc\src\components\PostsComponent.vue">
        <metrics statements="8" coveredstatements="0" conditionals="0" coveredconditionals="0" methods="7" coveredmethods="0"/>
        <line num="10" count="0" type="stmt"/>
        <line num="14" count="0" type="stmt"/>
        <line num="20" count="0" type="stmt"/>
        <line num="23" count="0" type="stmt"/>
        <line num="26" count="0" type="stmt"/>
        <line num="29" count="0" type="stmt"/>
        <line num="32" count="0" type="stmt"/>
        <line num="35" count="0" type="stmt"/>
      </file>
      <file name="TreeItem.vue" path="C:\Anil\Vue\poc\src\components\TreeItem.vue">
        <metrics statements="10" coveredstatements="0" conditionals="4" coveredconditionals="0" methods="5" coveredmethods="0"/>
        <line num="27" count="0" type="stmt"/>
        <line num="33" count="0" type="stmt"/>
        <line num="40" count="0" type="cond" truecount="0" falsecount="2"/>
        <line num="45" count="0" type="cond" truecount="0" falsecount="1"/>
        <line num="46" count="0" type="stmt"/>
        <line num="50" count="0" type="cond" truecount="0" falsecount="1"/>
        <line num="51" count="0" type="stmt"/>
        <line num="52" count="0" type="stmt"/>
        <line num="53" count="0" type="stmt"/>
        <line num="57" count="0" type="stmt"/>
      </file>
    </package>
    <package name="src.mixins">
      <metrics statements="7" coveredstatements="0" conditionals="0" coveredconditionals="0" methods="4" coveredmethods="0"/>
      <file name="exampleMixin.js" path="C:\Anil\Vue\poc\src\mixins\exampleMixin.js">
        <metrics statements="7" coveredstatements="0" conditionals="0" coveredconditionals="0" methods="4" coveredmethods="0"/>
        <line num="1" count="0" type="stmt"/>
        <line num="3" count="0" type="stmt"/>
        <line num="6" count="0" type="stmt"/>
        <line num="12" count="0" type="stmt"/>
        <line num="13" count="0" type="stmt"/>
        <line num="14" count="0" type="stmt"/>
        <line num="18" count="0" type="stmt"/>
      </file>
    </package>
    <package name="src.router">
      <metrics statements="5" coveredstatements="0" conditionals="0" coveredconditionals="0" methods="3" coveredmethods="0"/>
      <file name="index.js" path="C:\Anil\Vue\poc\src\router\index.js">
        <metrics statements="5" coveredstatements="0" conditionals="0" coveredconditionals="0" methods="3" coveredmethods="0"/>
        <line num="4" count="0" type="stmt"/>
        <line num="16" count="0" type="stmt"/>
        <line num="21" count="0" type="stmt"/>
        <line num="26" count="0" type="stmt"/>
        <line num="30" count="0" type="stmt"/>
      </file>
    </package>
    <package name="src.views">
      <metrics statements="1" coveredstatements="0" conditionals="0" coveredconditionals="0" methods="0" coveredmethods="0"/>
      <file name="HomeView.vue" path="C:\Anil\Vue\poc\src\views\HomeView.vue">
        <metrics statements="1" coveredstatements="0" conditionals="0" coveredconditionals="0" methods="0" coveredmethods="0"/>
        <line num="20" count="0" type="stmt"/>
      </file>
    </package>
  </project>
</coverage>
